<?xml version="1.0" encoding="UTF-8"?>
<!-- Generated by org.testng.reporters.JUnitReportReporter -->
<testsuite hostname="LTIN297590" failures="0" tests="7" name="test_Book.BaseClass" time="-1709453952.000" errors="1" timestamp="2024-03-03T13:49:02 IST" skipped="6">
  <testcase classname="test_Book.BaseClass" name="setup_Browser" time="-1709453952.000">
    <error message="
Parameter &#039;Browser&#039; is required by BeforeClass on method setup_Browser but has not been marked @Optional or defined
in C:\Users\2308540\AppData\Local\Temp\2\testng-eclipse--362730773\testng-customsuite.xml" type="org.testng.TestNGException">
      <![CDATA[org.testng.TestNGException: 
Parameter 'Browser' is required by BeforeClass on method setup_Browser but has not been marked @Optional or defined
in C:\Users\2308540\AppData\Local\Temp\2\testng-eclipse--362730773\testng-customsuite.xml
at org.testng.internal.Parameters.createParams(Parameters.java:267)
at org.testng.internal.Parameters.createParametersForMethod(Parameters.java:355)
at org.testng.internal.Parameters.createParameters(Parameters.java:693)
at org.testng.internal.Parameters.createConfigurationParameters(Parameters.java:166)
at org.testng.internal.invokers.ConfigInvoker.invokeConfigurations(ConfigInvoker.java:306)
at org.testng.internal.invokers.TestMethodWorker.invokeBeforeClassMethods(TestMethodWorker.java:180)
at org.testng.internal.invokers.TestMethodWorker.run(TestMethodWorker.java:122)
at java.base/java.util.ArrayList.forEach(ArrayList.java:1511)
at org.testng.TestRunner.privateRun(TestRunner.java:819)
at org.testng.TestRunner.run(TestRunner.java:619)
at org.testng.SuiteRunner.runTest(SuiteRunner.java:443)
at org.testng.SuiteRunner.runSequentially(SuiteRunner.java:437)
at org.testng.SuiteRunner.privateRun(SuiteRunner.java:397)
at org.testng.SuiteRunner.run(SuiteRunner.java:336)
at org.testng.SuiteRunnerWorker.runSuite(SuiteRunnerWorker.java:52)
at org.testng.SuiteRunnerWorker.run(SuiteRunnerWorker.java:95)
at org.testng.TestNG.runSuitesSequentially(TestNG.java:1301)
at org.testng.TestNG.runSuitesLocally(TestNG.java:1228)
at org.testng.TestNG.runSuites(TestNG.java:1134)
at org.testng.TestNG.run(TestNG.java:1101)
at org.testng.remote.AbstractRemoteTestNG.run(AbstractRemoteTestNG.java:115)
at org.testng.remote.RemoteTestNG.initAndRun(RemoteTestNG.java:251)
at org.testng.remote.RemoteTestNG.main(RemoteTestNG.java:77)
]]>
    </error>
  </testcase> <!-- setup_Browser -->
  <testcase classname="test_Book.BaseClass" name="VerifyWebsite" time="0.000">
    <skipped/>
  </testcase> <!-- VerifyWebsite -->
  <testcase classname="test_Book.BaseClass" name="displayBookShelves" time="0.000">
    <skipped/>
  </testcase> <!-- displayBookShelves -->
  <testcase classname="test_Book.BaseClass" name="ByAtHome" time="0.000">
    <skipped/>
  </testcase> <!-- ByAtHome -->
  <testcase classname="test_Book.BaseClass" name="giftCard" time="0.000">
    <skipped/>
  </testcase> <!-- giftCard -->
  <testcase classname="test_Book.BaseClass" name="giftCardformNegative" time="0.001">
    <skipped/>
  </testcase> <!-- giftCardformNegative -->
  <testcase classname="test_Book.BaseClass" name="giftCardformPositive" time="0.000">
    <skipped/>
  </testcase> <!-- giftCardformPositive -->
</testsuite> <!-- test_Book.BaseClass -->
